<?xml version="1.0" encoding="UTF-8"?>
<testng-results ignored="0" total="2" passed="2" failed="0" skipped="0">
  <reporter-output>
  </reporter-output>
  <suite started-at="2020-04-02T15:24:37 CEST" name="Default suite" finished-at="2020-04-02T15:24:45 CEST" duration-ms="8526">
    <groups>
    </groups>
    <test started-at="2020-04-02T15:24:37 CEST" name="Default test" finished-at="2020-04-02T15:24:45 CEST" duration-ms="8526">
      <class name="test.Uvod1">
        <test-method is-config="true" signature="openBrowser()[pri:0, instance:test.Uvod1@7692d9cc]" started-at="2020-04-02T15:24:37 CEST" name="openBrowser" finished-at="2020-04-02T15:24:42 CEST" duration-ms="5098" status="PASS">
          <reporter-output>
          </reporter-output>
        </test-method> <!-- openBrowser -->
        <test-method signature="testGoogle()[pri:0, instance:test.Uvod1@7692d9cc]" started-at="2020-04-02T15:24:42 CEST" name="testGoogle" finished-at="2020-04-02T15:24:43 CEST" duration-ms="781" status="PASS">
          <reporter-output>
          </reporter-output>
        </test-method> <!-- testGoogle -->
        <test-method signature="testYoutube()[pri:0, instance:test.Uvod1@7692d9cc]" started-at="2020-04-02T15:24:43 CEST" name="testYoutube" finished-at="2020-04-02T15:24:45 CEST" duration-ms="2379" status="PASS">
          <reporter-output>
          </reporter-output>
        </test-method> <!-- testYoutube -->
        <test-method is-config="true" signature="closeBrowser()[pri:0, instance:test.Uvod1@7692d9cc]" started-at="2020-04-02T15:24:45 CEST" name="closeBrowser" finished-at="2020-04-02T15:24:45 CEST" duration-ms="232" status="PASS">
          <reporter-output>
          </reporter-output>
        </test-method> <!-- closeBrowser -->
      </class> <!-- test.Uvod1 -->
    </test> <!-- Default test -->
  </suite> <!-- Default suite -->
</testng-results>
